
> react-typescript-starter@0.1.0 test
> react-scripts test --coverage

PASS src/objects.test.ts
PASS src/arrays.test.ts
PASS src/functions.test.ts
PASS src/HtmlCss.test.tsx
PASS src/text.test.tsx
PASS src/App.test.tsx
----------------|---------|----------|---------|---------|-------------------
File            | % Stmts | % Branch | % Funcs | % Lines | Uncovered Line #s 
----------------|---------|----------|---------|---------|-------------------
All files       |    97.8 |     97.5 |     100 |   97.61 |                   
 src            |    97.8 |     97.5 |     100 |   97.61 |                   
  App.tsx       |     100 |      100 |     100 |     100 |                   
  arrays.ts     |     100 |      100 |     100 |     100 |                   
  functions.ts  |   94.44 |      100 |     100 |   93.33 | 52                
  objects.ts    |   95.23 |     87.5 |     100 |      95 | 51                
 src/interfaces |       0 |        0 |       0 |       0 |                   
  question.ts   |       0 |        0 |       0 |       0 |                   
----------------|---------|----------|---------|---------|-------------------

Test Suites: 6 passed, 6 total
Tests:       33 passed, 33 total
Snapshots:   0 total
Time:        3.727 s
Ran all test suites.
